2021-12-20 18:46:25 0 [Note] InnoDB: Mutexes and rw_locks use Windows interlocked functions
2021-12-20 18:46:25 0 [Note] InnoDB: Uses event mutexes
2021-12-20 18:46:25 0 [Note] InnoDB: Compressed tables use zlib 1.2.11
2021-12-20 18:46:25 0 [Note] InnoDB: Number of pools: 1
2021-12-20 18:46:25 0 [Note] InnoDB: Using SSE2 crc32 instructions
2021-12-20 18:46:25 0 [Note] InnoDB: Initializing buffer pool, total size = 16M, instances = 1, chunk size = 16M
2021-12-20 18:46:25 0 [Note] InnoDB: Completed initialization of buffer pool
2021-12-20 18:46:25 0 [Note] InnoDB: Starting crash recovery from checkpoint LSN=300288
2021-12-20 18:46:25 0 [Note] InnoDB: 128 out of 128 rollback segments are active.
2021-12-20 18:46:25 0 [Note] InnoDB: Removed temporary tablespace data file: "ibtmp1"
2021-12-20 18:46:25 0 [Note] InnoDB: Creating shared tablespace for temporary tables
2021-12-20 18:46:25 0 [Note] InnoDB: Setting file 'D:\xampp server\cp_dbms\mysql\data\ibtmp1' size to 12 MB. Physically writing the file full; Please wait ...
2021-12-20 18:46:25 0 [Note] InnoDB: File 'D:\xampp server\cp_dbms\mysql\data\ibtmp1' size is now 12 MB.
2021-12-20 18:46:25 0 [Note] InnoDB: Waiting for purge to start
2021-12-20 18:46:25 0 [Note] InnoDB: 10.4.22 started; log sequence number 300297; transaction id 170
2021-12-20 18:46:25 0 [Note] InnoDB: Loading buffer pool(s) from D:\xampp server\cp_dbms\mysql\data\ib_buffer_pool
2021-12-20 18:46:25 0 [Note] Plugin 'FEEDBACK' is disabled.
2021-12-20 18:46:25 0 [Note] Server socket created on IP: '::'.
2021-12-20 18:46:25 0 [ERROR] Can't start server: Bind on TCP/IP port. Got error: 10048: Only one usage of each socket address (protocol/network address/port) is normally permitted.

2021-12-20 18:46:25 0 [Note] InnoDB: Buffer pool(s) load completed at 211220 18:46:25
2021-12-20 18:46:25 0 [ERROR] Do you already have another mysqld server running on port: 3306 ?
2021-12-20 18:46:25 0 [ERROR] Aborting
2021-12-20 18:46:32 0 [Note] InnoDB: Mutexes and rw_locks use Windows interlocked functions
2021-12-20 18:46:32 0 [Note] InnoDB: Uses event mutexes
2021-12-20 18:46:32 0 [Note] InnoDB: Compressed tables use zlib 1.2.11
2021-12-20 18:46:32 0 [Note] InnoDB: Number of pools: 1
2021-12-20 18:46:32 0 [Note] InnoDB: Using SSE2 crc32 instructions
2021-12-20 18:46:32 0 [Note] InnoDB: Initializing buffer pool, total size = 16M, instances = 1, chunk size = 16M
2021-12-20 18:46:32 0 [Note] InnoDB: Completed initialization of buffer pool
2021-12-20 18:46:32 0 [Note] InnoDB: 128 out of 128 rollback segments are active.
2021-12-20 18:46:32 0 [Note] InnoDB: Creating shared tablespace for temporary tables
2021-12-20 18:46:32 0 [Note] InnoDB: Setting file 'D:\xampp server\cp_dbms\mysql\data\ibtmp1' size to 12 MB. Physically writing the file full; Please wait ...
2021-12-20 18:46:32 0 [Note] InnoDB: File 'D:\xampp server\cp_dbms\mysql\data\ibtmp1' size is now 12 MB.
2021-12-20 18:46:32 0 [Note] InnoDB: Waiting for purge to start
2021-12-20 18:46:32 0 [Note] InnoDB: 10.4.22 started; log sequence number 300306; transaction id 170
2021-12-20 18:46:32 0 [Note] Plugin 'FEEDBACK' is disabled.
2021-12-20 18:46:32 0 [Note] InnoDB: Loading buffer pool(s) from D:\xampp server\cp_dbms\mysql\data\ib_buffer_pool
2021-12-20 18:46:32 0 [Note] Server socket created on IP: '::'.
2021-12-20 18:46:32 0 [ERROR] Can't start server: Bind on TCP/IP port. Got error: 10048: Only one usage of each socket address (protocol/network address/port) is normally permitted.

2021-12-20 18:46:32 0 [ERROR] Do you already have another mysqld server running on port: 3306 ?
2021-12-20 18:46:32 0 [ERROR] Aborting
2021-12-20 18:51:25 0 [Note] InnoDB: Mutexes and rw_locks use Windows interlocked functions
2021-12-20 18:51:25 0 [Note] InnoDB: Uses event mutexes
2021-12-20 18:51:25 0 [Note] InnoDB: Compressed tables use zlib 1.2.11
2021-12-20 18:51:25 0 [Note] InnoDB: Number of pools: 1
2021-12-20 18:51:25 0 [Note] InnoDB: Using SSE2 crc32 instructions
2021-12-20 18:51:25 0 [Note] InnoDB: Initializing buffer pool, total size = 16M, instances = 1, chunk size = 16M
2021-12-20 18:51:25 0 [Note] InnoDB: Completed initialization of buffer pool
2021-12-20 18:51:25 0 [Note] InnoDB: 128 out of 128 rollback segments are active.
2021-12-20 18:51:25 0 [Note] InnoDB: Creating shared tablespace for temporary tables
2021-12-20 18:51:25 0 [Note] InnoDB: Setting file 'D:\xampp server\cp_dbms\mysql\data\ibtmp1' size to 12 MB. Physically writing the file full; Please wait ...
2021-12-20 18:51:25 0 [Note] InnoDB: File 'D:\xampp server\cp_dbms\mysql\data\ibtmp1' size is now 12 MB.
2021-12-20 18:51:25 0 [Note] InnoDB: Waiting for purge to start
2021-12-20 18:51:25 0 [Note] InnoDB: 10.4.22 started; log sequence number 300315; transaction id 170
2021-12-20 18:51:25 0 [Note] InnoDB: Loading buffer pool(s) from D:\xampp server\cp_dbms\mysql\data\ib_buffer_pool
2021-12-20 18:51:25 0 [Note] Plugin 'FEEDBACK' is disabled.
2021-12-20 18:51:25 0 [Note] Server socket created on IP: '::'.
2021-12-20 18:51:25 0 [ERROR] Can't start server: Bind on TCP/IP port. Got error: 10048: Only one usage of each socket address (protocol/network address/port) is normally permitted.

2021-12-20 18:51:25 0 [ERROR] Do you already have another mysqld server running on port: 3306 ?
2021-12-20 18:51:25 0 [ERROR] Aborting
2021-12-20 18:59:05 0 [Note] InnoDB: Mutexes and rw_locks use Windows interlocked functions
2021-12-20 18:59:05 0 [Note] InnoDB: Uses event mutexes
2021-12-20 18:59:05 0 [Note] InnoDB: Compressed tables use zlib 1.2.11
2021-12-20 18:59:05 0 [Note] InnoDB: Number of pools: 1
2021-12-20 18:59:05 0 [Note] InnoDB: Using SSE2 crc32 instructions
2021-12-20 18:59:05 0 [Note] InnoDB: Initializing buffer pool, total size = 16M, instances = 1, chunk size = 16M
2021-12-20 18:59:05 0 [Note] InnoDB: Completed initialization of buffer pool
2021-12-20 18:59:05 0 [Note] InnoDB: 128 out of 128 rollback segments are active.
2021-12-20 18:59:05 0 [Note] InnoDB: Creating shared tablespace for temporary tables
2021-12-20 18:59:05 0 [Note] InnoDB: Setting file 'D:\xampp server\cp_dbms\mysql\data\ibtmp1' size to 12 MB. Physically writing the file full; Please wait ...
2021-12-20 18:59:05 0 [Note] InnoDB: File 'D:\xampp server\cp_dbms\mysql\data\ibtmp1' size is now 12 MB.
2021-12-20 18:59:05 0 [Note] InnoDB: Waiting for purge to start
2021-12-20 18:59:05 0 [Note] InnoDB: 10.4.22 started; log sequence number 300324; transaction id 170
2021-12-20 18:59:05 0 [Note] InnoDB: Loading buffer pool(s) from D:\xampp server\cp_dbms\mysql\data\ib_buffer_pool
2021-12-20 18:59:05 0 [Note] Plugin 'FEEDBACK' is disabled.
2021-12-20 18:59:05 0 [Note] Server socket created on IP: '::'.
2021-12-20 18:59:05 0 [ERROR] Can't start server: Bind on TCP/IP port. Got error: 10048: Only one usage of each socket address (protocol/network address/port) is normally permitted.

2021-12-20 18:59:05 0 [ERROR] Do you already have another mysqld server running on port: 3306 ?
2021-12-20 18:59:05 0 [ERROR] Aborting
2021-12-20 18:59:17 0 [Note] InnoDB: Mutexes and rw_locks use Windows interlocked functions
2021-12-20 18:59:17 0 [Note] InnoDB: Uses event mutexes
2021-12-20 18:59:17 0 [Note] InnoDB: Compressed tables use zlib 1.2.11
2021-12-20 18:59:17 0 [Note] InnoDB: Number of pools: 1
2021-12-20 18:59:17 0 [Note] InnoDB: Using SSE2 crc32 instructions
2021-12-20 18:59:17 0 [Note] InnoDB: Initializing buffer pool, total size = 16M, instances = 1, chunk size = 16M
2021-12-20 18:59:17 0 [Note] InnoDB: Completed initialization of buffer pool
2021-12-20 18:59:17 0 [Note] InnoDB: 128 out of 128 rollback segments are active.
2021-12-20 18:59:17 0 [Note] InnoDB: Creating shared tablespace for temporary tables
2021-12-20 18:59:17 0 [Note] InnoDB: Setting file 'D:\xampp server\cp_dbms\mysql\data\ibtmp1' size to 12 MB. Physically writing the file full; Please wait ...
2021-12-20 18:59:17 0 [Note] InnoDB: File 'D:\xampp server\cp_dbms\mysql\data\ibtmp1' size is now 12 MB.
2021-12-20 18:59:17 0 [Note] InnoDB: Waiting for purge to start
2021-12-20 18:59:17 0 [Note] InnoDB: 10.4.22 started; log sequence number 300333; transaction id 170
2021-12-20 18:59:17 0 [Note] Plugin 'FEEDBACK' is disabled.
2021-12-20 18:59:17 0 [Note] InnoDB: Loading buffer pool(s) from D:\xampp server\cp_dbms\mysql\data\ib_buffer_pool
2021-12-20 18:59:17 0 [Note] Server socket created on IP: '::'.
2021-12-20 18:59:17 0 [ERROR] Can't start server: Bind on TCP/IP port. Got error: 10048: Only one usage of each socket address (protocol/network address/port) is normally permitted.

2021-12-20 18:59:17 0 [ERROR] Do you already have another mysqld server running on port: 3306 ?
2021-12-20 18:59:17 0 [ERROR] Aborting
2021-12-20 19:00:51 0 [Note] InnoDB: Mutexes and rw_locks use Windows interlocked functions
2021-12-20 19:00:51 0 [Note] InnoDB: Uses event mutexes
2021-12-20 19:00:51 0 [Note] InnoDB: Compressed tables use zlib 1.2.11
2021-12-20 19:00:51 0 [Note] InnoDB: Number of pools: 1
2021-12-20 19:00:51 0 [Note] InnoDB: Using SSE2 crc32 instructions
2021-12-20 19:00:51 0 [Note] InnoDB: Initializing buffer pool, total size = 16M, instances = 1, chunk size = 16M
2021-12-20 19:00:51 0 [Note] InnoDB: Completed initialization of buffer pool
2021-12-20 19:00:51 0 [Note] InnoDB: 128 out of 128 rollback segments are active.
2021-12-20 19:00:51 0 [Note] InnoDB: Creating shared tablespace for temporary tables
2021-12-20 19:00:51 0 [Note] InnoDB: Setting file 'D:\xampp server\cp_dbms\mysql\data\ibtmp1' size to 12 MB. Physically writing the file full; Please wait ...
2021-12-20 19:00:51 0 [Note] InnoDB: File 'D:\xampp server\cp_dbms\mysql\data\ibtmp1' size is now 12 MB.
2021-12-20 19:00:51 0 [Note] InnoDB: Waiting for purge to start
2021-12-20 19:00:51 0 [Note] InnoDB: 10.4.22 started; log sequence number 300342; transaction id 170
2021-12-20 19:00:51 0 [Note] InnoDB: Loading buffer pool(s) from D:\xampp server\cp_dbms\mysql\data\ib_buffer_pool
2021-12-20 19:00:51 0 [Note] Plugin 'FEEDBACK' is disabled.
2021-12-20 19:00:51 0 [Note] Server socket created on IP: '::'.
2021-12-20 19:00:51 0 [Note] InnoDB: Buffer pool(s) load completed at 211220 19:00:51
2021-12-20 19:01:58 0 [Note] InnoDB: Mutexes and rw_locks use Windows interlocked functions
2021-12-20 19:01:58 0 [Note] InnoDB: Uses event mutexes
2021-12-20 19:01:58 0 [Note] InnoDB: Compressed tables use zlib 1.2.11
2021-12-20 19:01:58 0 [Note] InnoDB: Number of pools: 1
2021-12-20 19:01:58 0 [Note] InnoDB: Using SSE2 crc32 instructions
2021-12-20 19:01:58 0 [Note] InnoDB: Initializing buffer pool, total size = 16M, instances = 1, chunk size = 16M
2021-12-20 19:01:58 0 [Note] InnoDB: Completed initialization of buffer pool
2021-12-20 19:01:58 0 [Note] InnoDB: Starting crash recovery from checkpoint LSN=300342
2021-12-20 19:01:58 0 [Note] InnoDB: 128 out of 128 rollback segments are active.
2021-12-20 19:01:58 0 [Note] InnoDB: Removed temporary tablespace data file: "ibtmp1"
2021-12-20 19:01:58 0 [Note] InnoDB: Creating shared tablespace for temporary tables
2021-12-20 19:01:58 0 [Note] InnoDB: Setting file 'D:\xampp server\cp_dbms\mysql\data\ibtmp1' size to 12 MB. Physically writing the file full; Please wait ...
2021-12-20 19:01:58 0 [Note] InnoDB: File 'D:\xampp server\cp_dbms\mysql\data\ibtmp1' size is now 12 MB.
2021-12-20 19:01:58 0 [Note] InnoDB: Waiting for purge to start
2021-12-20 19:01:58 0 [Note] InnoDB: 10.4.22 started; log sequence number 300351; transaction id 170
2021-12-20 19:01:58 0 [Note] InnoDB: Loading buffer pool(s) from D:\xampp server\cp_dbms\mysql\data\ib_buffer_pool
2021-12-20 19:01:58 0 [Note] Plugin 'FEEDBACK' is disabled.
2021-12-20 19:01:58 0 [Note] Server socket created on IP: '::'.
2022-01-04 19:39:53 0 [Note] InnoDB: Mutexes and rw_locks use Windows interlocked functions
2022-01-04 19:39:53 0 [Note] InnoDB: Uses event mutexes
2022-01-04 19:39:53 0 [Note] InnoDB: Compressed tables use zlib 1.2.11
2022-01-04 19:39:53 0 [Note] InnoDB: Number of pools: 1
2022-01-04 19:39:53 0 [Note] InnoDB: Using SSE2 crc32 instructions
2022-01-04 19:39:53 0 [Note] InnoDB: Initializing buffer pool, total size = 16M, instances = 1, chunk size = 16M
2022-01-04 19:39:53 0 [Note] InnoDB: Completed initialization of buffer pool
2022-01-04 19:39:53 0 [Note] InnoDB: Starting crash recovery from checkpoint LSN=300360
2022-01-04 19:39:53 0 [Note] InnoDB: 128 out of 128 rollback segments are active.
2022-01-04 19:39:53 0 [Note] InnoDB: Removed temporary tablespace data file: "ibtmp1"
2022-01-04 19:39:53 0 [Note] InnoDB: Creating shared tablespace for temporary tables
2022-01-04 19:39:53 0 [Note] InnoDB: Setting file 'D:\xampp server\cp_dbms\mysql\data\ibtmp1' size to 12 MB. Physically writing the file full; Please wait ...
2022-01-04 19:39:53 0 [Note] InnoDB: File 'D:\xampp server\cp_dbms\mysql\data\ibtmp1' size is now 12 MB.
2022-01-04 19:39:53 0 [Note] InnoDB: Waiting for purge to start
2022-01-04 19:39:53 0 [Note] InnoDB: 10.4.22 started; log sequence number 300369; transaction id 170
2022-01-04 19:39:53 0 [Note] InnoDB: Loading buffer pool(s) from D:\xampp server\cp_dbms\mysql\data\ib_buffer_pool
2022-01-04 19:39:53 0 [Note] Plugin 'FEEDBACK' is disabled.
2022-01-04 19:39:53 0 [Note] InnoDB: Buffer pool(s) load completed at 220104 19:39:53
2022-01-04 19:39:53 0 [Note] Server socket created on IP: '::'.
2022-01-04 22:28:26 0 [Note] InnoDB: Mutexes and rw_locks use Windows interlocked functions
2022-01-04 22:28:26 0 [Note] InnoDB: Uses event mutexes
2022-01-04 22:28:26 0 [Note] InnoDB: Compressed tables use zlib 1.2.11
2022-01-04 22:28:26 0 [Note] InnoDB: Number of pools: 1
2022-01-04 22:28:26 0 [Note] InnoDB: Using SSE2 crc32 instructions
2022-01-04 22:28:26 0 [Note] InnoDB: Initializing buffer pool, total size = 16M, instances = 1, chunk size = 16M
2022-01-04 22:28:26 0 [Note] InnoDB: Completed initialization of buffer pool
2022-01-04 22:28:26 0 [Note] InnoDB: Starting crash recovery from checkpoint LSN=300378
2022-01-04 22:28:26 0 [Note] InnoDB: 128 out of 128 rollback segments are active.
2022-01-04 22:28:26 0 [Note] InnoDB: Removed temporary tablespace data file: "ibtmp1"
2022-01-04 22:28:26 0 [Note] InnoDB: Creating shared tablespace for temporary tables
2022-01-04 22:28:26 0 [Note] InnoDB: Setting file 'D:\xampp server\cp_dbms\mysql\data\ibtmp1' size to 12 MB. Physically writing the file full; Please wait ...
2022-01-04 22:28:26 0 [Note] InnoDB: File 'D:\xampp server\cp_dbms\mysql\data\ibtmp1' size is now 12 MB.
2022-01-04 22:28:26 0 [Note] InnoDB: Waiting for purge to start
2022-01-04 22:28:26 0 [Note] InnoDB: 10.4.22 started; log sequence number 300387; transaction id 170
2022-01-04 22:28:26 0 [Note] InnoDB: Loading buffer pool(s) from D:\xampp server\cp_dbms\mysql\data\ib_buffer_pool
2022-01-04 22:28:26 0 [Note] Plugin 'FEEDBACK' is disabled.
2022-01-04 22:28:26 0 [Note] Server socket created on IP: '::'.
2022-01-04 23:25:01 0 [Note] InnoDB: Mutexes and rw_locks use Windows interlocked functions
2022-01-04 23:25:01 0 [Note] InnoDB: Uses event mutexes
2022-01-04 23:25:01 0 [Note] InnoDB: Compressed tables use zlib 1.2.11
2022-01-04 23:25:01 0 [Note] InnoDB: Number of pools: 1
2022-01-04 23:25:01 0 [Note] InnoDB: Using SSE2 crc32 instructions
2022-01-04 23:25:01 0 [Note] InnoDB: Initializing buffer pool, total size = 16M, instances = 1, chunk size = 16M
2022-01-04 23:25:01 0 [Note] InnoDB: Completed initialization of buffer pool
2022-01-04 23:25:01 0 [Note] InnoDB: Starting crash recovery from checkpoint LSN=300396
2022-01-04 23:25:01 0 [Note] InnoDB: 128 out of 128 rollback segments are active.
2022-01-04 23:25:01 0 [Note] InnoDB: Removed temporary tablespace data file: "ibtmp1"
2022-01-04 23:25:01 0 [Note] InnoDB: Creating shared tablespace for temporary tables
2022-01-04 23:25:01 0 [Note] InnoDB: Setting file 'D:\xampp server\cp_dbms\mysql\data\ibtmp1' size to 12 MB. Physically writing the file full; Please wait ...
2022-01-04 23:25:01 0 [Note] InnoDB: File 'D:\xampp server\cp_dbms\mysql\data\ibtmp1' size is now 12 MB.
2022-01-04 23:25:01 0 [Note] InnoDB: Waiting for purge to start
2022-01-04 23:25:01 0 [Note] InnoDB: 10.4.22 started; log sequence number 300405; transaction id 170
2022-01-04 23:25:01 0 [Note] InnoDB: Loading buffer pool(s) from D:\xampp server\cp_dbms\mysql\data\ib_buffer_pool
2022-01-04 23:25:01 0 [Note] Plugin 'FEEDBACK' is disabled.
2022-01-04 23:25:01 0 [Note] Server socket created on IP: '::'.
2022-01-05 10:17:00 0 [Note] InnoDB: Mutexes and rw_locks use Windows interlocked functions
2022-01-05 10:17:00 0 [Note] InnoDB: Uses event mutexes
2022-01-05 10:17:00 0 [Note] InnoDB: Compressed tables use zlib 1.2.11
2022-01-05 10:17:00 0 [Note] InnoDB: Number of pools: 1
2022-01-05 10:17:00 0 [Note] InnoDB: Using SSE2 crc32 instructions
2022-01-05 10:17:00 0 [Note] InnoDB: Initializing buffer pool, total size = 16M, instances = 1, chunk size = 16M
2022-01-05 10:17:00 0 [Note] InnoDB: Completed initialization of buffer pool
2022-01-05 10:17:00 0 [Note] InnoDB: Starting crash recovery from checkpoint LSN=300414
2022-01-05 10:17:01 0 [Note] InnoDB: 128 out of 128 rollback segments are active.
2022-01-05 10:17:01 0 [Note] InnoDB: Removed temporary tablespace data file: "ibtmp1"
2022-01-05 10:17:01 0 [Note] InnoDB: Creating shared tablespace for temporary tables
2022-01-05 10:17:01 0 [Note] InnoDB: Setting file 'D:\xampp server\cp_dbms\mysql\data\ibtmp1' size to 12 MB. Physically writing the file full; Please wait ...
2022-01-05 10:17:01 0 [Note] InnoDB: File 'D:\xampp server\cp_dbms\mysql\data\ibtmp1' size is now 12 MB.
2022-01-05 10:17:01 0 [Note] InnoDB: Waiting for purge to start
2022-01-05 10:17:01 0 [Note] InnoDB: 10.4.22 started; log sequence number 300423; transaction id 170
2022-01-05 10:17:01 0 [Note] InnoDB: Loading buffer pool(s) from D:\xampp server\cp_dbms\mysql\data\ib_buffer_pool
2022-01-05 10:17:01 0 [Note] Plugin 'FEEDBACK' is disabled.
2022-01-05 10:17:01 0 [Note] Server socket created on IP: '::'.
2022-01-05 15:18:15 0 [Note] InnoDB: Mutexes and rw_locks use Windows interlocked functions
2022-01-05 15:18:15 0 [Note] InnoDB: Uses event mutexes
2022-01-05 15:18:15 0 [Note] InnoDB: Compressed tables use zlib 1.2.11
2022-01-05 15:18:15 0 [Note] InnoDB: Number of pools: 1
2022-01-05 15:18:15 0 [Note] InnoDB: Using SSE2 crc32 instructions
2022-01-05 15:18:15 0 [Note] InnoDB: Initializing buffer pool, total size = 16M, instances = 1, chunk size = 16M
2022-01-05 15:18:15 0 [Note] InnoDB: Completed initialization of buffer pool
2022-01-05 15:18:15 0 [Note] InnoDB: Starting crash recovery from checkpoint LSN=300432
2022-01-05 15:18:16 0 [Note] InnoDB: 128 out of 128 rollback segments are active.
2022-01-05 15:18:16 0 [Note] InnoDB: Removed temporary tablespace data file: "ibtmp1"
2022-01-05 15:18:16 0 [Note] InnoDB: Creating shared tablespace for temporary tables
2022-01-05 15:18:16 0 [Note] InnoDB: Setting file 'D:\xampp server\cp_dbms\mysql\data\ibtmp1' size to 12 MB. Physically writing the file full; Please wait ...
2022-01-05 15:18:16 0 [Note] InnoDB: File 'D:\xampp server\cp_dbms\mysql\data\ibtmp1' size is now 12 MB.
2022-01-05 15:18:16 0 [Note] InnoDB: Waiting for purge to start
2022-01-05 15:18:16 0 [Note] InnoDB: 10.4.22 started; log sequence number 300441; transaction id 170
2022-01-05 15:18:16 0 [Note] InnoDB: Loading buffer pool(s) from D:\xampp server\cp_dbms\mysql\data\ib_buffer_pool
2022-01-05 15:18:16 0 [Note] Plugin 'FEEDBACK' is disabled.
2022-01-05 15:18:16 0 [Note] InnoDB: Buffer pool(s) load completed at 220105 15:18:16
2022-01-05 15:18:16 0 [Note] Server socket created on IP: '::'.
2022-01-06 14:55:07 0 [Note] InnoDB: Mutexes and rw_locks use Windows interlocked functions
2022-01-06 14:55:07 0 [Note] InnoDB: Uses event mutexes
2022-01-06 14:55:07 0 [Note] InnoDB: Compressed tables use zlib 1.2.11
2022-01-06 14:55:07 0 [Note] InnoDB: Number of pools: 1
2022-01-06 14:55:07 0 [Note] InnoDB: Using SSE2 crc32 instructions
2022-01-06 14:55:07 0 [Note] InnoDB: Initializing buffer pool, total size = 16M, instances = 1, chunk size = 16M
2022-01-06 14:55:07 0 [Note] InnoDB: Completed initialization of buffer pool
2022-01-06 14:55:07 0 [Note] InnoDB: Starting crash recovery from checkpoint LSN=300450
2022-01-06 14:55:08 0 [Note] InnoDB: 128 out of 128 rollback segments are active.
2022-01-06 14:55:08 0 [Note] InnoDB: Removed temporary tablespace data file: "ibtmp1"
2022-01-06 14:55:08 0 [Note] InnoDB: Creating shared tablespace for temporary tables
2022-01-06 14:55:08 0 [Note] InnoDB: Setting file 'D:\xampp server\cp_dbms\mysql\data\ibtmp1' size to 12 MB. Physically writing the file full; Please wait ...
2022-01-06 14:55:08 0 [Note] InnoDB: File 'D:\xampp server\cp_dbms\mysql\data\ibtmp1' size is now 12 MB.
2022-01-06 14:55:08 0 [Note] InnoDB: Waiting for purge to start
2022-01-06 14:55:08 0 [Note] InnoDB: 10.4.22 started; log sequence number 300459; transaction id 170
2022-01-06 14:55:08 0 [Note] InnoDB: Loading buffer pool(s) from D:\xampp server\cp_dbms\mysql\data\ib_buffer_pool
2022-01-06 14:55:08 0 [Note] Plugin 'FEEDBACK' is disabled.
2022-01-06 14:55:08 0 [Note] Server socket created on IP: '::'.
2022-01-06 15:01:53 0 [Note] InnoDB: Mutexes and rw_locks use Windows interlocked functions
2022-01-06 15:01:53 0 [Note] InnoDB: Uses event mutexes
2022-01-06 15:01:53 0 [Note] InnoDB: Compressed tables use zlib 1.2.11
2022-01-06 15:01:53 0 [Note] InnoDB: Number of pools: 1
2022-01-06 15:01:53 0 [Note] InnoDB: Using SSE2 crc32 instructions
2022-01-06 15:01:53 0 [Note] InnoDB: Initializing buffer pool, total size = 16M, instances = 1, chunk size = 16M
2022-01-06 15:01:53 0 [Note] InnoDB: Completed initialization of buffer pool
2022-01-06 15:01:53 0 [Note] InnoDB: Starting crash recovery from checkpoint LSN=300468
2022-01-06 15:01:53 0 [Note] InnoDB: 128 out of 128 rollback segments are active.
2022-01-06 15:01:53 0 [Note] InnoDB: Removed temporary tablespace data file: "ibtmp1"
2022-01-06 15:01:53 0 [Note] InnoDB: Creating shared tablespace for temporary tables
2022-01-06 15:01:53 0 [Note] InnoDB: Setting file 'D:\xampp server\cp_dbms\mysql\data\ibtmp1' size to 12 MB. Physically writing the file full; Please wait ...
2022-01-06 15:01:53 0 [Note] InnoDB: File 'D:\xampp server\cp_dbms\mysql\data\ibtmp1' size is now 12 MB.
2022-01-06 15:01:53 0 [Note] InnoDB: Waiting for purge to start
2022-01-06 15:01:53 0 [Note] InnoDB: 10.4.22 started; log sequence number 300477; transaction id 170
2022-01-06 15:01:53 0 [Note] InnoDB: Loading buffer pool(s) from D:\xampp server\cp_dbms\mysql\data\ib_buffer_pool
2022-01-06 15:01:53 0 [Note] Plugin 'FEEDBACK' is disabled.
2022-01-06 15:01:53 0 [Note] Server socket created on IP: '::'.
2022-01-06 15:01:53 0 [ERROR] Can't start server: Bind on TCP/IP port. Got error: 10048: Only one usage of each socket address (protocol/network address/port) is normally permitted.

2022-01-06 15:01:53 0 [ERROR] Do you already have another mysqld server running on port: 3306 ?
2022-01-06 15:01:53 0 [ERROR] Aborting
2022-01-06 15:02:00 0 [Note] InnoDB: Mutexes and rw_locks use Windows interlocked functions
2022-01-06 15:02:00 0 [Note] InnoDB: Uses event mutexes
2022-01-06 15:02:00 0 [Note] InnoDB: Compressed tables use zlib 1.2.11
2022-01-06 15:02:00 0 [Note] InnoDB: Number of pools: 1
2022-01-06 15:02:00 0 [Note] InnoDB: Using SSE2 crc32 instructions
2022-01-06 15:02:00 0 [Note] InnoDB: Initializing buffer pool, total size = 16M, instances = 1, chunk size = 16M
2022-01-06 15:02:00 0 [Note] InnoDB: Completed initialization of buffer pool
2022-01-06 15:02:00 0 [Note] InnoDB: 128 out of 128 rollback segments are active.
2022-01-06 15:02:00 0 [Note] InnoDB: Creating shared tablespace for temporary tables
2022-01-06 15:02:00 0 [Note] InnoDB: Setting file 'D:\xampp server\cp_dbms\mysql\data\ibtmp1' size to 12 MB. Physically writing the file full; Please wait ...
2022-01-06 15:02:00 0 [Note] InnoDB: File 'D:\xampp server\cp_dbms\mysql\data\ibtmp1' size is now 12 MB.
2022-01-06 15:02:00 0 [Note] InnoDB: Waiting for purge to start
2022-01-06 15:02:00 0 [Note] InnoDB: 10.4.22 started; log sequence number 300486; transaction id 170
2022-01-06 15:02:00 0 [Note] InnoDB: Loading buffer pool(s) from D:\xampp server\cp_dbms\mysql\data\ib_buffer_pool
2022-01-06 15:02:00 0 [Note] Plugin 'FEEDBACK' is disabled.
2022-01-06 15:02:00 0 [Note] Server socket created on IP: '::'.
2022-01-06 15:02:00 0 [ERROR] Can't start server: Bind on TCP/IP port. Got error: 10048: Only one usage of each socket address (protocol/network address/port) is normally permitted.

2022-01-06 15:02:00 0 [ERROR] Do you already have another mysqld server running on port: 3306 ?
2022-01-06 15:02:00 0 [ERROR] Aborting
2022-01-06 15:02:25 0 [Note] InnoDB: Mutexes and rw_locks use Windows interlocked functions
2022-01-06 15:02:25 0 [Note] InnoDB: Uses event mutexes
2022-01-06 15:02:25 0 [Note] InnoDB: Compressed tables use zlib 1.2.11
2022-01-06 15:02:25 0 [Note] InnoDB: Number of pools: 1
2022-01-06 15:02:25 0 [Note] InnoDB: Using SSE2 crc32 instructions
2022-01-06 15:02:25 0 [Note] InnoDB: Initializing buffer pool, total size = 16M, instances = 1, chunk size = 16M
2022-01-06 15:02:25 0 [Note] InnoDB: Completed initialization of buffer pool
2022-01-06 15:02:25 0 [Note] InnoDB: 128 out of 128 rollback segments are active.
2022-01-06 15:02:25 0 [Note] InnoDB: Creating shared tablespace for temporary tables
2022-01-06 15:02:25 0 [Note] InnoDB: Setting file 'D:\xampp server\cp_dbms\mysql\data\ibtmp1' size to 12 MB. Physically writing the file full; Please wait ...
2022-01-06 15:02:25 0 [Note] InnoDB: File 'D:\xampp server\cp_dbms\mysql\data\ibtmp1' size is now 12 MB.
2022-01-06 15:02:25 0 [Note] InnoDB: Waiting for purge to start
2022-01-06 15:02:25 0 [Note] InnoDB: 10.4.22 started; log sequence number 300495; transaction id 170
2022-01-06 15:02:25 0 [Note] InnoDB: Loading buffer pool(s) from D:\xampp server\cp_dbms\mysql\data\ib_buffer_pool
2022-01-06 15:02:25 0 [Note] Plugin 'FEEDBACK' is disabled.
2022-01-06 15:02:25 0 [Note] Server socket created on IP: '::'.
2022-01-06 15:02:25 0 [ERROR] Can't start server: Bind on TCP/IP port. Got error: 10048: Only one usage of each socket address (protocol/network address/port) is normally permitted.

2022-01-06 15:02:25 0 [ERROR] Do you already have another mysqld server running on port: 3306 ?
2022-01-06 15:02:25 0 [ERROR] Aborting
2022-01-06 15:09:04 0 [Note] InnoDB: Mutexes and rw_locks use Windows interlocked functions
2022-01-06 15:09:04 0 [Note] InnoDB: Uses event mutexes
2022-01-06 15:09:04 0 [Note] InnoDB: Compressed tables use zlib 1.2.11
2022-01-06 15:09:04 0 [Note] InnoDB: Number of pools: 1
2022-01-06 15:09:04 0 [Note] InnoDB: Using SSE2 crc32 instructions
2022-01-06 15:09:04 0 [Note] InnoDB: Initializing buffer pool, total size = 16M, instances = 1, chunk size = 16M
2022-01-06 15:09:04 0 [Note] InnoDB: Completed initialization of buffer pool
2022-01-06 15:09:04 0 [Note] InnoDB: 128 out of 128 rollback segments are active.
2022-01-06 15:09:04 0 [Note] InnoDB: Creating shared tablespace for temporary tables
2022-01-06 15:09:04 0 [Note] InnoDB: Setting file 'D:\xampp server\cp_dbms\mysql\data\ibtmp1' size to 12 MB. Physically writing the file full; Please wait ...
2022-01-06 15:09:04 0 [Note] InnoDB: File 'D:\xampp server\cp_dbms\mysql\data\ibtmp1' size is now 12 MB.
2022-01-06 15:09:04 0 [Note] InnoDB: Waiting for purge to start
2022-01-06 15:09:04 0 [Note] InnoDB: 10.4.22 started; log sequence number 300504; transaction id 170
2022-01-06 15:09:04 0 [Note] InnoDB: Loading buffer pool(s) from D:\xampp server\cp_dbms\mysql\data\ib_buffer_pool
2022-01-06 15:09:04 0 [Note] Plugin 'FEEDBACK' is disabled.
2022-01-06 15:09:04 0 [Note] Server socket created on IP: '::'.
2022-01-06 21:23:53 0 [Note] InnoDB: Mutexes and rw_locks use Windows interlocked functions
2022-01-06 21:23:53 0 [Note] InnoDB: Uses event mutexes
2022-01-06 21:23:53 0 [Note] InnoDB: Compressed tables use zlib 1.2.11
2022-01-06 21:23:53 0 [Note] InnoDB: Number of pools: 1
2022-01-06 21:23:53 0 [Note] InnoDB: Using SSE2 crc32 instructions
2022-01-06 21:23:53 0 [Note] InnoDB: Initializing buffer pool, total size = 16M, instances = 1, chunk size = 16M
2022-01-06 21:23:53 0 [Note] InnoDB: Completed initialization of buffer pool
2022-01-06 21:23:53 0 [Note] InnoDB: Starting crash recovery from checkpoint LSN=716668
2022-01-06 21:23:53 0 [Note] InnoDB: 128 out of 128 rollback segments are active.
2022-01-06 21:23:53 0 [Note] InnoDB: Removed temporary tablespace data file: "ibtmp1"
2022-01-06 21:23:53 0 [Note] InnoDB: Creating shared tablespace for temporary tables
2022-01-06 21:23:53 0 [Note] InnoDB: Setting file 'D:\xampp server\cp_dbms\mysql\data\ibtmp1' size to 12 MB. Physically writing the file full; Please wait ...
2022-01-06 21:23:53 0 [Note] InnoDB: File 'D:\xampp server\cp_dbms\mysql\data\ibtmp1' size is now 12 MB.
2022-01-06 21:23:53 0 [Note] InnoDB: Waiting for purge to start
2022-01-06 21:23:53 0 [Note] InnoDB: 10.4.22 started; log sequence number 716677; transaction id 1122
2022-01-06 21:23:53 0 [Note] InnoDB: Loading buffer pool(s) from D:\xampp server\cp_dbms\mysql\data\ib_buffer_pool
2022-01-06 21:23:53 0 [Note] Plugin 'FEEDBACK' is disabled.
2022-01-06 21:23:53 0 [Note] Server socket created on IP: '::'.
2022-01-06 21:27:19 0 [Note] InnoDB: Mutexes and rw_locks use Windows interlocked functions
2022-01-06 21:27:19 0 [Note] InnoDB: Uses event mutexes
2022-01-06 21:27:19 0 [Note] InnoDB: Compressed tables use zlib 1.2.11
2022-01-06 21:27:19 0 [Note] InnoDB: Number of pools: 1
2022-01-06 21:27:19 0 [Note] InnoDB: Using SSE2 crc32 instructions
2022-01-06 21:27:19 0 [Note] InnoDB: Initializing buffer pool, total size = 16M, instances = 1, chunk size = 16M
2022-01-06 21:27:19 0 [Note] InnoDB: Completed initialization of buffer pool
2022-01-06 21:27:19 0 [Note] InnoDB: Starting crash recovery from checkpoint LSN=716686
2022-01-06 21:27:19 0 [Note] InnoDB: 128 out of 128 rollback segments are active.
2022-01-06 21:27:19 0 [Note] InnoDB: Removed temporary tablespace data file: "ibtmp1"
2022-01-06 21:27:19 0 [Note] InnoDB: Creating shared tablespace for temporary tables
2022-01-06 21:27:19 0 [Note] InnoDB: Setting file 'D:\xampp server\cp_dbms\mysql\data\ibtmp1' size to 12 MB. Physically writing the file full; Please wait ...
2022-01-06 21:27:19 0 [Note] InnoDB: File 'D:\xampp server\cp_dbms\mysql\data\ibtmp1' size is now 12 MB.
2022-01-06 21:27:19 0 [Note] InnoDB: Waiting for purge to start
2022-01-06 21:27:19 0 [Note] InnoDB: 10.4.22 started; log sequence number 716695; transaction id 1122
2022-01-06 21:27:19 0 [Note] InnoDB: Loading buffer pool(s) from D:\xampp server\cp_dbms\mysql\data\ib_buffer_pool
2022-01-06 21:27:19 0 [Note] Plugin 'FEEDBACK' is disabled.
2022-01-06 21:27:19 0 [Note] Server socket created on IP: '::'.
2022-01-07  1:16:02 0 [Note] InnoDB: Mutexes and rw_locks use Windows interlocked functions
2022-01-07  1:16:02 0 [Note] InnoDB: Uses event mutexes
2022-01-07  1:16:02 0 [Note] InnoDB: Compressed tables use zlib 1.2.11
2022-01-07  1:16:02 0 [Note] InnoDB: Number of pools: 1
2022-01-07  1:16:02 0 [Note] InnoDB: Using SSE2 crc32 instructions
2022-01-07  1:16:02 0 [Note] InnoDB: Initializing buffer pool, total size = 16M, instances = 1, chunk size = 16M
2022-01-07  1:16:02 0 [Note] InnoDB: Completed initialization of buffer pool
2022-01-07  1:16:02 0 [Note] InnoDB: Starting crash recovery from checkpoint LSN=763563
2022-01-07  1:16:02 0 [Note] InnoDB: 128 out of 128 rollback segments are active.
2022-01-07  1:16:02 0 [Note] InnoDB: Removed temporary tablespace data file: "ibtmp1"
2022-01-07  1:16:02 0 [Note] InnoDB: Creating shared tablespace for temporary tables
2022-01-07  1:16:02 0 [Note] InnoDB: Setting file 'D:\xampp server\cp_dbms\mysql\data\ibtmp1' size to 12 MB. Physically writing the file full; Please wait ...
2022-01-07  1:16:02 0 [Note] InnoDB: File 'D:\xampp server\cp_dbms\mysql\data\ibtmp1' size is now 12 MB.
2022-01-07  1:16:02 0 [Note] InnoDB: Waiting for purge to start
2022-01-07  1:16:02 0 [Note] InnoDB: 10.4.22 started; log sequence number 763572; transaction id 1274
2022-01-07  1:16:02 0 [Note] InnoDB: Loading buffer pool(s) from D:\xampp server\cp_dbms\mysql\data\ib_buffer_pool
2022-01-07  1:16:02 0 [Note] Plugin 'FEEDBACK' is disabled.
2022-01-07  1:16:02 0 [Note] InnoDB: Buffer pool(s) load completed at 220107  1:16:02
2022-01-07  1:16:02 0 [Note] Server socket created on IP: '::'.
2022-01-07 10:00:15 0 [Note] InnoDB: Mutexes and rw_locks use Windows interlocked functions
2022-01-07 10:00:15 0 [Note] InnoDB: Uses event mutexes
2022-01-07 10:00:15 0 [Note] InnoDB: Compressed tables use zlib 1.2.11
2022-01-07 10:00:15 0 [Note] InnoDB: Number of pools: 1
2022-01-07 10:00:15 0 [Note] InnoDB: Using SSE2 crc32 instructions
2022-01-07 10:00:15 0 [Note] InnoDB: Initializing buffer pool, total size = 16M, instances = 1, chunk size = 16M
2022-01-07 10:00:15 0 [Note] InnoDB: Completed initialization of buffer pool
2022-01-07 10:00:15 0 [Note] InnoDB: Starting crash recovery from checkpoint LSN=798334
2022-01-07 10:00:16 0 [Note] InnoDB: 128 out of 128 rollback segments are active.
2022-01-07 10:00:16 0 [Note] InnoDB: Removed temporary tablespace data file: "ibtmp1"
2022-01-07 10:00:16 0 [Note] InnoDB: Creating shared tablespace for temporary tables
2022-01-07 10:00:16 0 [Note] InnoDB: Setting file 'D:\xampp server\cp_dbms\mysql\data\ibtmp1' size to 12 MB. Physically writing the file full; Please wait ...
2022-01-07 10:00:16 0 [Note] InnoDB: File 'D:\xampp server\cp_dbms\mysql\data\ibtmp1' size is now 12 MB.
2022-01-07 10:00:16 0 [Note] InnoDB: Waiting for purge to start
2022-01-07 10:00:16 0 [Note] InnoDB: 10.4.22 started; log sequence number 798343; transaction id 1415
2022-01-07 10:00:16 0 [Note] InnoDB: Loading buffer pool(s) from D:\xampp server\cp_dbms\mysql\data\ib_buffer_pool
2022-01-07 10:00:16 0 [Note] Plugin 'FEEDBACK' is disabled.
2022-01-07 10:00:16 0 [Note] Server socket created on IP: '::'.
2022-01-07 15:49:04 0 [Note] InnoDB: Mutexes and rw_locks use Windows interlocked functions
2022-01-07 15:49:04 0 [Note] InnoDB: Uses event mutexes
2022-01-07 15:49:04 0 [Note] InnoDB: Compressed tables use zlib 1.2.11
2022-01-07 15:49:04 0 [Note] InnoDB: Number of pools: 1
2022-01-07 15:49:04 0 [Note] InnoDB: Using SSE2 crc32 instructions
2022-01-07 15:49:04 0 [Note] InnoDB: Initializing buffer pool, total size = 16M, instances = 1, chunk size = 16M
2022-01-07 15:49:04 0 [Note] InnoDB: Completed initialization of buffer pool
2022-01-07 15:49:04 0 [Note] InnoDB: Starting crash recovery from checkpoint LSN=807669
2022-01-07 15:49:04 0 [Note] InnoDB: 128 out of 128 rollback segments are active.
2022-01-07 15:49:04 0 [Note] InnoDB: Removed temporary tablespace data file: "ibtmp1"
2022-01-07 15:49:04 0 [Note] InnoDB: Creating shared tablespace for temporary tables
2022-01-07 15:49:04 0 [Note] InnoDB: Setting file 'D:\xampp server\cp_dbms\mysql\data\ibtmp1' size to 12 MB. Physically writing the file full; Please wait ...
2022-01-07 15:49:04 0 [Note] InnoDB: File 'D:\xampp server\cp_dbms\mysql\data\ibtmp1' size is now 12 MB.
2022-01-07 15:49:04 0 [Note] InnoDB: Waiting for purge to start
2022-01-07 15:49:04 0 [Note] InnoDB: 10.4.22 started; log sequence number 807678; transaction id 1473
2022-01-07 15:49:04 0 [Note] Plugin 'FEEDBACK' is disabled.
2022-01-07 15:49:04 0 [Note] InnoDB: Loading buffer pool(s) from D:\xampp server\cp_dbms\mysql\data\ib_buffer_pool
2022-01-07 15:49:04 0 [Note] Server socket created on IP: '::'.
2022-01-07 20:31:26 0 [Note] InnoDB: Mutexes and rw_locks use Windows interlocked functions
2022-01-07 20:31:26 0 [Note] InnoDB: Uses event mutexes
2022-01-07 20:31:26 0 [Note] InnoDB: Compressed tables use zlib 1.2.11
2022-01-07 20:31:26 0 [Note] InnoDB: Number of pools: 1
2022-01-07 20:31:26 0 [Note] InnoDB: Using SSE2 crc32 instructions
2022-01-07 20:31:26 0 [Note] InnoDB: Initializing buffer pool, total size = 16M, instances = 1, chunk size = 16M
2022-01-07 20:31:26 0 [Note] InnoDB: Completed initialization of buffer pool
2022-01-07 20:31:26 0 [Note] InnoDB: Starting crash recovery from checkpoint LSN=808004
2022-01-07 20:31:27 0 [Note] InnoDB: 128 out of 128 rollback segments are active.
2022-01-07 20:31:27 0 [Note] InnoDB: Removed temporary tablespace data file: "ibtmp1"
2022-01-07 20:31:27 0 [Note] InnoDB: Creating shared tablespace for temporary tables
2022-01-07 20:31:27 0 [Note] InnoDB: Setting file 'D:\xampp server\cp_dbms\mysql\data\ibtmp1' size to 12 MB. Physically writing the file full; Please wait ...
2022-01-07 20:31:27 0 [Note] InnoDB: File 'D:\xampp server\cp_dbms\mysql\data\ibtmp1' size is now 12 MB.
2022-01-07 20:31:27 0 [Note] InnoDB: Waiting for purge to start
2022-01-07 20:31:27 0 [Note] InnoDB: 10.4.22 started; log sequence number 808013; transaction id 1496
2022-01-07 20:31:27 0 [Note] InnoDB: Loading buffer pool(s) from D:\xampp server\cp_dbms\mysql\data\ib_buffer_pool
2022-01-07 20:31:27 0 [Note] Plugin 'FEEDBACK' is disabled.
2022-01-07 20:31:27 0 [Note] Server socket created on IP: '::'.
2022-01-11 15:57:33 0 [Note] InnoDB: Mutexes and rw_locks use Windows interlocked functions
2022-01-11 15:57:33 0 [Note] InnoDB: Uses event mutexes
2022-01-11 15:57:33 0 [Note] InnoDB: Compressed tables use zlib 1.2.11
2022-01-11 15:57:33 0 [Note] InnoDB: Number of pools: 1
2022-01-11 15:57:33 0 [Note] InnoDB: Using SSE2 crc32 instructions
2022-01-11 15:57:33 0 [Note] InnoDB: Initializing buffer pool, total size = 16M, instances = 1, chunk size = 16M
2022-01-11 15:57:33 0 [Note] InnoDB: Completed initialization of buffer pool
2022-01-11 15:57:33 0 [Note] InnoDB: Starting crash recovery from checkpoint LSN=830995
2022-01-11 15:57:33 0 [Note] InnoDB: 128 out of 128 rollback segments are active.
2022-01-11 15:57:33 0 [Note] InnoDB: Removed temporary tablespace data file: "ibtmp1"
2022-01-11 15:57:33 0 [Note] InnoDB: Creating shared tablespace for temporary tables
2022-01-11 15:57:33 0 [Note] InnoDB: Setting file 'D:\xampp server\cp_dbms\mysql\data\ibtmp1' size to 12 MB. Physically writing the file full; Please wait ...
2022-01-11 15:57:33 0 [Note] InnoDB: File 'D:\xampp server\cp_dbms\mysql\data\ibtmp1' size is now 12 MB.
2022-01-11 15:57:33 0 [Note] InnoDB: Waiting for purge to start
2022-01-11 15:57:33 0 [Note] InnoDB: 10.4.22 started; log sequence number 831004; transaction id 1584
2022-01-11 15:57:33 0 [Note] InnoDB: Loading buffer pool(s) from D:\xampp server\cp_dbms\mysql\data\ib_buffer_pool
2022-01-11 15:57:33 0 [Note] Plugin 'FEEDBACK' is disabled.
2022-01-11 15:57:33 0 [Note] Server socket created on IP: '::'.
2022-01-11 15:57:33 0 [Note] InnoDB: Buffer pool(s) load completed at 220111 15:57:33
2022-01-16 17:08:03 0 [Note] InnoDB: Mutexes and rw_locks use Windows interlocked functions
2022-01-16 17:08:03 0 [Note] InnoDB: Uses event mutexes
2022-01-16 17:08:03 0 [Note] InnoDB: Compressed tables use zlib 1.2.11
2022-01-16 17:08:03 0 [Note] InnoDB: Number of pools: 1
2022-01-16 17:08:03 0 [Note] InnoDB: Using SSE2 crc32 instructions
2022-01-16 17:08:03 0 [Note] InnoDB: Initializing buffer pool, total size = 16M, instances = 1, chunk size = 16M
2022-01-16 17:08:03 0 [Note] InnoDB: Completed initialization of buffer pool
2022-01-16 17:08:03 0 [Note] InnoDB: Starting crash recovery from checkpoint LSN=838158
2022-01-16 17:08:04 0 [Note] InnoDB: 128 out of 128 rollback segments are active.
2022-01-16 17:08:04 0 [Note] InnoDB: Removed temporary tablespace data file: "ibtmp1"
2022-01-16 17:08:04 0 [Note] InnoDB: Creating shared tablespace for temporary tables
2022-01-16 17:08:04 0 [Note] InnoDB: Setting file 'D:\xampp server\cp_dbms\mysql\data\ibtmp1' size to 12 MB. Physically writing the file full; Please wait ...
2022-01-16 17:08:04 0 [Note] InnoDB: File 'D:\xampp server\cp_dbms\mysql\data\ibtmp1' size is now 12 MB.
2022-01-16 17:08:04 0 [Note] InnoDB: Waiting for purge to start
2022-01-16 17:08:04 0 [Note] InnoDB: 10.4.22 started; log sequence number 838167; transaction id 1626
2022-01-16 17:08:04 0 [Note] Plugin 'FEEDBACK' is disabled.
2022-01-16 17:08:04 0 [Note] InnoDB: Loading buffer pool(s) from D:\xampp server\cp_dbms\mysql\data\ib_buffer_pool
2022-01-16 17:08:04 0 [Note] Server socket created on IP: '::'.
2022-01-16 17:08:04 0 [Note] InnoDB: Buffer pool(s) load completed at 220116 17:08:04
